<?xml version="1.0" encoding="UTF-8"?>
<!-- Generated by org.testng.reporters.JUnitReportReporter -->
<testsuite skipped="0" hostname="A2ML18523" name="manjunath.newtours.newtoursTests" tests="5" failures="0" timestamp="2020-02-17T17:19:24 IST" time="112.108" errors="0">
  <testcase name="FlightsBooking" time="29.065" classname="manjunath.newtours.newtoursTests"/>
  <testcase name="BrokenLinks" time="13.989" classname="manjunath.newtours.newtoursTests"/>
  <testcase name="Login" time="19.118" classname="manjunath.newtours.newtoursTests"/>
  <testcase name="Register" time="20.090" classname="manjunath.newtours.newtoursTests"/>
  <testcase name="CruiseBooking" time="29.846" classname="manjunath.newtours.newtoursTests"/>
</testsuite> <!-- manjunath.newtours.newtoursTests -->
